<?xml version="1.0" encoding="UTF-8"?>
<!-- Generated by org.testng.reporters.JUnitReportReporter -->
<testsuite hostname="DELLG33500" failures="0" tests="4" name="com.tutorialsninja.qa.testcases.RegisterTest" time="22.901" errors="0" timestamp="2024-03-19T10:59:35 IST" skipped="0">
  <testcase classname="com.tutorialsninja.qa.testcases.RegisterTest" name="verifyRegisteringAccountWithMandatoryFields" time="5.600"/>
  <system-out/>
  <testcase classname="com.tutorialsninja.qa.testcases.RegisterTest" name="verifyRegesteringAccountByProvidingAllFields" time="6.147"/>
  <system-out/>
  <testcase classname="com.tutorialsninja.qa.testcases.RegisterTest" name="verifyRegisteringAccountWithExistingEmailAddress" time="5.313"/>
  <system-out/>
  <testcase classname="com.tutorialsninja.qa.testcases.RegisterTest" name="verifyRegisteringAccountWithoutFillingAnyDetails" time="5.841"/>
  <system-out/>
</testsuite> <!-- com.tutorialsninja.qa.testcases.RegisterTest -->
